2018-06-11T17:08:30.98: In Missile Launcher L102 ::run
2018-06-11T17:08:30.99: Missile Launcher L102 has no missiles waiting
2018-06-11T17:08:34.852: After adding missile #M3 there are 1 missiles waiting in L102
2018-06-11T17:08:34.853: Missile #M3 is waiting to launch 
2018-06-11T17:08:34.853: Missile Launcher L102 was notified there is a missile waiting
2018-06-11T17:08:34.857: MissileLauncher L102 is notifying Missile #M3
2018-06-11T17:08:34.858: MissileLauncher L102 waits that missile #M3 will land/be destructed
2018-06-11T17:08:34.858: Missile #M3 started launch to Ofakim
2018-06-11T17:08:34.859: Missile #M3 starts flying for 3 seconds
2018-06-11T17:08:37.859: Missile #M3 missed target Ofakim
2018-06-11T17:08:37.864: Missile Launcher L102 was announced that Missile #M3 is landed/destructed 
2018-06-11T17:08:37.865: Missile Launcher L102 has no missiles waiting
2018-06-11T17:08:39.852: After adding missile #M4 there are 1 missiles waiting in L102
2018-06-11T17:08:39.852: Missile #M4 is waiting to launch 
2018-06-11T17:08:39.854: Missile Launcher L102 was notified there is a missile waiting
2018-06-11T17:08:39.854: MissileLauncher L102 is notifying Missile #M4
2018-06-11T17:08:39.855: MissileLauncher L102 waits that missile #M4 will land/be destructed
2018-06-11T17:08:39.856: Missile #M4 started launch to Beer-Sheva
2018-06-11T17:08:39.856: Missile #M4 starts flying for 7 seconds
2018-06-11T17:08:41.864: Missile #M4 was destructed
2018-06-11T17:08:41.867: Missile #M4 missed target Beer-Sheva
2018-06-11T17:08:41.876: Missile Launcher L102 was announced that Missile #M4 is landed/destructed 
2018-06-11T17:08:41.877: Missile Launcher L102 has no missiles waiting
